<?xml version="1.0" encoding="UTF-8"?>
<!-- Generated by org.testng.reporters.JUnitReportReporter -->
<testsuite hostname="DESKTOP-U1JSMPG" name="Demo.Qa.Tests.LoginPageTest" tests="2" failures="0" timestamp="24 Sep 2020 16:49:49 GMT" time="4.077" errors="0">
  <testcase name="LoginTest" time="3.988" classname="Demo.Qa.Tests.LoginPageTest"/>
  <testcase name="LoginPageTitleTest" time="0.089" classname="Demo.Qa.Tests.LoginPageTest"/>
</testsuite> <!-- Demo.Qa.Tests.LoginPageTest -->
