<?xml version="1.0" encoding="UTF-8"?>
<!-- Generated by org.testng.reporters.JUnitReportReporter -->
<testsuite skipped="0" hostname="DESKTOP-U1JSMPG" name="Demo.Qa.Tests.LoginPageTest" tests="2" failures="0" timestamp="06 Oct 2020 16:27:58 GMT" time="4.816" errors="0">
  <testcase name="LoginPageTitleTest" time="0.007" classname="Demo.Qa.Tests.LoginPageTest"/>
  <testcase name="LoginTest" time="4.809" classname="Demo.Qa.Tests.LoginPageTest"/>
</testsuite> <!-- Demo.Qa.Tests.LoginPageTest -->
